Warning in <TInterpreter::ReadRootmapFile>: class  MyxAODAnalysis found in libMyAnalysisDict.so  is already in libMyAnalysisLib.so 

[36mRestFrames v1.0.0 -- Developed by Christopher Rogan (crogan@cern.ch)
                     Copyright (c) 2014-2015, Christopher Rogan
                     http://RestFrames.com
[0m
RunningLocally = 0
[0;32mInput path: mc16_13TeV.396734.MadGraphPythia8EvtGen_A14N23LO_C1N2_Wh_hbb_400p0_250p0_lep.deriv.DAOD_SUSY5.e6972_a875_r9364_p3736,mc16_13TeV.396803.MadGraphPythia8EvtGen_A14N23LO_C1N2_Wh_hbb_900p0_150p0_lep.deriv.DAOD_SUSY5.e6972_s3126_r9364_p3736[0;0m
[0;32mSample name: mc16_13TeV.396734.MadGraphPythia8EvtGen_A14N23LO_C1N2_Wh_hbb_400p0_250p0_lep.deriv.DAOD_SUSY5.e6972_a875_r9364_p3736,mc16_13TeV.396803.MadGraphPythia8EvtGen_A14N23LO_C1N2_Wh_hbb_900p0_150p0_lep.deriv.DAOD_SUSY5.e6972_s3126_r9364_p3736[0;0m
[0;32mSample type: MC16a[0;0m
[0;32mSubmission directory: SampleLists_SUSY5/signal_mc16a_temp[0;0m
[0;32m--- Going to submit to grid ---[0;0m
TInterpreter::ReadRoot... WARNING class  MyxAODAnalysis found in libMyAnalysisDict.so  is already in libMyAnalysisLib.so 
xAOD::Init                INFO    Environment initialised for data access
Doing multiple Submission
Going to submit now
Submitting AllMyData...
[?1034h[?1034hlocal : 0
testRun "mc16_13TeV.396734.MadGraphPythia8EvtGen_A14N23LO_C1N2_Wh_hbb_400p0_250p0_lep.deriv.DAOD_SUSY5.e6972_a875_r9364_p3736,mc16_13TeV.396803.MadGraphPythia8EvtGen_A14N23LO_C1N2_Wh_hbb_900p0_150p0_lep.deriv.DAOD_SUSY5.e6972_s3126_r9364_p3736" SampleLists_SUSY5/signal_mc16a_temp 0 0 0 -1 hteagle 21.2.67  SIGNAL
python newsubmit.py -i SampleLists_SUSY5/signal_mc16a_temp.txt -s SampleLists_SUSY5/signal_mc16a_temp -l 0 --type SIGNAL
fine
Completed all processes!
