Determining if the pthread_create exist failed with the following output:
Change Dir: /user/hteagle/AnalysisDirectory/Rel21/Base.21.2.20/build/CMakeFiles/CMakeTmp

Run Build Command:"/usr/bin/gmake" "cmTC_9406d/fast"
/usr/bin/gmake -f CMakeFiles/cmTC_9406d.dir/build.make CMakeFiles/cmTC_9406d.dir/build
gmake[1]: Entering directory `/user/hteagle/AnalysisDirectory/Rel21/Base.21.2.20/build/CMakeFiles/CMakeTmp'
Building C object CMakeFiles/cmTC_9406d.dir/CheckSymbolExists.c.o
/cvmfs/atlas.cern.ch/repo/sw/software/21.2/sw/lcg/releases/gcc/6.2.0/x86_64-slc6/bin/gcc    -o CMakeFiles/cmTC_9406d.dir/CheckSymbolExists.c.o   -c /user/hteagle/AnalysisDirectory/Rel21/Base.21.2.20/build/CMakeFiles/CMakeTmp/CheckSymbolExists.c
Linking C executable cmTC_9406d
/cvmfs/atlas.cern.ch/repo/ATLASLocalRootBase/x86_64/Cmake/3.10.2/Linux-x86_64/bin/cmake -E cmake_link_script CMakeFiles/cmTC_9406d.dir/link.txt --verbose=1
/cvmfs/atlas.cern.ch/repo/sw/software/21.2/sw/lcg/releases/gcc/6.2.0/x86_64-slc6/bin/gcc     -Wl,--as-needed -Wl,--hash-style=both  CMakeFiles/cmTC_9406d.dir/CheckSymbolExists.c.o  -o cmTC_9406d 
CMakeFiles/cmTC_9406d.dir/CheckSymbolExists.c.o: In function `main':
CheckSymbolExists.c:(.text+0x16): undefined reference to `pthread_create'
collect2: error: ld returned 1 exit status
gmake[1]: *** [cmTC_9406d] Error 1
gmake[1]: Leaving directory `/user/hteagle/AnalysisDirectory/Rel21/Base.21.2.20/build/CMakeFiles/CMakeTmp'
gmake: *** [cmTC_9406d/fast] Error 2

File /user/hteagle/AnalysisDirectory/Rel21/Base.21.2.20/build/CMakeFiles/CMakeTmp/CheckSymbolExists.c:
/* */
#include <pthread.h>

int main(int argc, char** argv)
{
  (void)argv;
#ifndef pthread_create
  return ((int*)(&pthread_create))[argc];
#else
  (void)argc;
  return 0;
#endif
}

