The system is: Linux - 2.6.32-696.18.7.el6.x86_64 - x86_64
Compiling the C compiler identification source file "CMakeCCompilerId.c" succeeded.
Compiler: /cvmfs/atlas.cern.ch/repo/sw/software/21.2/sw/lcg/releases/gcc/6.2.0/x86_64-slc6/bin/gcc 
Build flags: 
Id flags:  

The output was:
0


Compilation of the C compiler identification source "CMakeCCompilerId.c" produced "a.out"

The C compiler identification is GNU, found in "/user/hteagle/AnalysisDirectory/Rel21/Base.21.2.20/build/CMakeFiles/3.10.2/CompilerIdC/a.out"

Compiling the CXX compiler identification source file "CMakeCXXCompilerId.cpp" succeeded.
Compiler: /cvmfs/atlas.cern.ch/repo/sw/software/21.2/sw/lcg/releases/gcc/6.2.0/x86_64-slc6/bin/g++ 
Build flags: 
Id flags:  

The output was:
0


Compilation of the CXX compiler identification source "CMakeCXXCompilerId.cpp" produced "a.out"

The CXX compiler identification is GNU, found in "/user/hteagle/AnalysisDirectory/Rel21/Base.21.2.20/build/CMakeFiles/3.10.2/CompilerIdCXX/a.out"

Determining if the C compiler works passed with the following output:
Change Dir: /user/hteagle/AnalysisDirectory/Rel21/Base.21.2.20/build/CMakeFiles/CMakeTmp

Run Build Command:"/usr/bin/gmake" "cmTC_dbdd4/fast"
/usr/bin/gmake -f CMakeFiles/cmTC_dbdd4.dir/build.make CMakeFiles/cmTC_dbdd4.dir/build
gmake[1]: Entering directory `/user/hteagle/AnalysisDirectory/Rel21/Base.21.2.20/build/CMakeFiles/CMakeTmp'
Building C object CMakeFiles/cmTC_dbdd4.dir/testCCompiler.c.o
/cvmfs/atlas.cern.ch/repo/sw/software/21.2/sw/lcg/releases/gcc/6.2.0/x86_64-slc6/bin/gcc    -o CMakeFiles/cmTC_dbdd4.dir/testCCompiler.c.o   -c /user/hteagle/AnalysisDirectory/Rel21/Base.21.2.20/build/CMakeFiles/CMakeTmp/testCCompiler.c
Linking C executable cmTC_dbdd4
/cvmfs/atlas.cern.ch/repo/ATLASLocalRootBase/x86_64/Cmake/3.10.2/Linux-x86_64/bin/cmake -E cmake_link_script CMakeFiles/cmTC_dbdd4.dir/link.txt --verbose=1
/cvmfs/atlas.cern.ch/repo/sw/software/21.2/sw/lcg/releases/gcc/6.2.0/x86_64-slc6/bin/gcc      -rdynamic CMakeFiles/cmTC_dbdd4.dir/testCCompiler.c.o  -o cmTC_dbdd4 
gmake[1]: Leaving directory `/user/hteagle/AnalysisDirectory/Rel21/Base.21.2.20/build/CMakeFiles/CMakeTmp'


Detecting C compiler ABI info compiled with the following output:
Change Dir: /user/hteagle/AnalysisDirectory/Rel21/Base.21.2.20/build/CMakeFiles/CMakeTmp

Run Build Command:"/usr/bin/gmake" "cmTC_d3897/fast"
/usr/bin/gmake -f CMakeFiles/cmTC_d3897.dir/build.make CMakeFiles/cmTC_d3897.dir/build
gmake[1]: Entering directory `/user/hteagle/AnalysisDirectory/Rel21/Base.21.2.20/build/CMakeFiles/CMakeTmp'
Building C object CMakeFiles/cmTC_d3897.dir/CMakeCCompilerABI.c.o
/cvmfs/atlas.cern.ch/repo/sw/software/21.2/sw/lcg/releases/gcc/6.2.0/x86_64-slc6/bin/gcc    -o CMakeFiles/cmTC_d3897.dir/CMakeCCompilerABI.c.o   -c /cvmfs/atlas.cern.ch/repo/ATLASLocalRootBase/x86_64/Cmake/3.10.2/Linux-x86_64/share/cmake-3.10/Modules/CMakeCCompilerABI.c
Linking C executable cmTC_d3897
/cvmfs/atlas.cern.ch/repo/ATLASLocalRootBase/x86_64/Cmake/3.10.2/Linux-x86_64/bin/cmake -E cmake_link_script CMakeFiles/cmTC_d3897.dir/link.txt --verbose=1
/cvmfs/atlas.cern.ch/repo/sw/software/21.2/sw/lcg/releases/gcc/6.2.0/x86_64-slc6/bin/gcc     -v -rdynamic CMakeFiles/cmTC_d3897.dir/CMakeCCompilerABI.c.o  -o cmTC_d3897 
Using built-in specs.
COLLECT_GCC=/cvmfs/atlas.cern.ch/repo/sw/software/21.2/sw/lcg/releases/gcc/6.2.0/x86_64-slc6/bin/gcc
COLLECT_LTO_WRAPPER=/cvmfs/atlas.cern.ch/repo/sw/software/21.2/sw/lcg/releases/gcc/6.2.0/x86_64-slc6/bin/../libexec/gcc/x86_64-pc-linux-gnu/6.2.0/lto-wrapper
Target: x86_64-pc-linux-gnu
Configured with: ../gcc-6.2.0/configure --prefix=/build/pmendez-sftnight/install-620local -with-system-zlib --disable-multilib --enable-languages=all
Thread model: posix
gcc version 6.2.0 (GCC) 
COMPILER_PATH=/cvmfs/atlas.cern.ch/repo/sw/software/21.2/sw/lcg/releases/gcc/6.2.0/x86_64-slc6/bin/../libexec/gcc/x86_64-pc-linux-gnu/6.2.0/:/cvmfs/atlas.cern.ch/repo/sw/software/21.2/sw/lcg/releases/gcc/6.2.0/x86_64-slc6/bin/../libexec/gcc/
LIBRARY_PATH=/cvmfs/atlas.cern.ch/repo/sw/software/21.2/sw/lcg/releases/gcc/6.2.0/x86_64-slc6/bin/../lib/gcc/x86_64-pc-linux-gnu/6.2.0/:/cvmfs/atlas.cern.ch/repo/sw/software/21.2/sw/lcg/releases/gcc/6.2.0/x86_64-slc6/bin/../lib/gcc/:/cvmfs/atlas.cern.ch/repo/sw/software/21.2/sw/lcg/releases/gcc/6.2.0/x86_64-slc6/bin/../lib/gcc/x86_64-pc-linux-gnu/6.2.0/../../../../lib64/:/lib/../lib64/:/usr/lib/../lib64/:/cvmfs/atlas.cern.ch/repo/sw/software/21.2/sw/lcg/releases/gcc/6.2.0/x86_64-slc6/bin/../lib/gcc/x86_64-pc-linux-gnu/6.2.0/../../../:/lib/:/usr/lib/
COLLECT_GCC_OPTIONS='-v' '-rdynamic' '-o' 'cmTC_d3897' '-mtune=generic' '-march=x86-64'
 /cvmfs/atlas.cern.ch/repo/sw/software/21.2/sw/lcg/releases/gcc/6.2.0/x86_64-slc6/bin/../libexec/gcc/x86_64-pc-linux-gnu/6.2.0/collect2 --eh-frame-hdr -m elf_x86_64 -export-dynamic -dynamic-linker /lib64/ld-linux-x86-64.so.2 -o cmTC_d3897 /usr/lib/../lib64/crt1.o /usr/lib/../lib64/crti.o /cvmfs/atlas.cern.ch/repo/sw/software/21.2/sw/lcg/releases/gcc/6.2.0/x86_64-slc6/bin/../lib/gcc/x86_64-pc-linux-gnu/6.2.0/crtbegin.o -L/cvmfs/atlas.cern.ch/repo/sw/software/21.2/sw/lcg/releases/gcc/6.2.0/x86_64-slc6/bin/../lib/gcc/x86_64-pc-linux-gnu/6.2.0 -L/cvmfs/atlas.cern.ch/repo/sw/software/21.2/sw/lcg/releases/gcc/6.2.0/x86_64-slc6/bin/../lib/gcc -L/cvmfs/atlas.cern.ch/repo/sw/software/21.2/sw/lcg/releases/gcc/6.2.0/x86_64-slc6/bin/../lib/gcc/x86_64-pc-linux-gnu/6.2.0/../../../../lib64 -L/lib/../lib64 -L/usr/lib/../lib64 -L/cvmfs/atlas.cern.ch/repo/sw/software/21.2/sw/lcg/releases/gcc/6.2.0/x86_64-slc6/bin/../lib/gcc/x86_64-pc-linux-gnu/6.2.0/../../.. CMakeFiles/cmTC_d3897.dir/CMakeCCompilerABI.c.o -lgcc --as-needed -lgcc_s --no-as-needed -lc -lgcc --as-needed -lgcc_s --no-as-needed /cvmfs/atlas.cern.ch/repo/sw/software/21.2/sw/lcg/releases/gcc/6.2.0/x86_64-slc6/bin/../lib/gcc/x86_64-pc-linux-gnu/6.2.0/crtend.o /usr/lib/../lib64/crtn.o
COLLECT_GCC_OPTIONS='-v' '-rdynamic' '-o' 'cmTC_d3897' '-mtune=generic' '-march=x86-64'
gmake[1]: Leaving directory `/user/hteagle/AnalysisDirectory/Rel21/Base.21.2.20/build/CMakeFiles/CMakeTmp'


Parsed C implicit link information from above output:
  link line regex: [^( *|.*[/\])(ld|CMAKE_LINK_STARTFILE-NOTFOUND|([^/\]+-)?ld|collect2)[^/\]*( |$)]
  ignore line: [Change Dir: /user/hteagle/AnalysisDirectory/Rel21/Base.21.2.20/build/CMakeFiles/CMakeTmp]
  ignore line: []
  ignore line: [Run Build Command:"/usr/bin/gmake" "cmTC_d3897/fast"]
  ignore line: [/usr/bin/gmake -f CMakeFiles/cmTC_d3897.dir/build.make CMakeFiles/cmTC_d3897.dir/build]
  ignore line: [gmake[1]: Entering directory `/user/hteagle/AnalysisDirectory/Rel21/Base.21.2.20/build/CMakeFiles/CMakeTmp']
  ignore line: [Building C object CMakeFiles/cmTC_d3897.dir/CMakeCCompilerABI.c.o]
  ignore line: [/cvmfs/atlas.cern.ch/repo/sw/software/21.2/sw/lcg/releases/gcc/6.2.0/x86_64-slc6/bin/gcc    -o CMakeFiles/cmTC_d3897.dir/CMakeCCompilerABI.c.o   -c /cvmfs/atlas.cern.ch/repo/ATLASLocalRootBase/x86_64/Cmake/3.10.2/Linux-x86_64/share/cmake-3.10/Modules/CMakeCCompilerABI.c]
  ignore line: [Linking C executable cmTC_d3897]
  ignore line: [/cvmfs/atlas.cern.ch/repo/ATLASLocalRootBase/x86_64/Cmake/3.10.2/Linux-x86_64/bin/cmake -E cmake_link_script CMakeFiles/cmTC_d3897.dir/link.txt --verbose=1]
  ignore line: [/cvmfs/atlas.cern.ch/repo/sw/software/21.2/sw/lcg/releases/gcc/6.2.0/x86_64-slc6/bin/gcc     -v -rdynamic CMakeFiles/cmTC_d3897.dir/CMakeCCompilerABI.c.o  -o cmTC_d3897 ]
  ignore line: [Using built-in specs.]
  ignore line: [COLLECT_GCC=/cvmfs/atlas.cern.ch/repo/sw/software/21.2/sw/lcg/releases/gcc/6.2.0/x86_64-slc6/bin/gcc]
  ignore line: [COLLECT_LTO_WRAPPER=/cvmfs/atlas.cern.ch/repo/sw/software/21.2/sw/lcg/releases/gcc/6.2.0/x86_64-slc6/bin/../libexec/gcc/x86_64-pc-linux-gnu/6.2.0/lto-wrapper]
  ignore line: [Target: x86_64-pc-linux-gnu]
  ignore line: [Configured with: ../gcc-6.2.0/configure --prefix=/build/pmendez-sftnight/install-620local -with-system-zlib --disable-multilib --enable-languages=all]
  ignore line: [Thread model: posix]
  ignore line: [gcc version 6.2.0 (GCC) ]
  ignore line: [COMPILER_PATH=/cvmfs/atlas.cern.ch/repo/sw/software/21.2/sw/lcg/releases/gcc/6.2.0/x86_64-slc6/bin/../libexec/gcc/x86_64-pc-linux-gnu/6.2.0/:/cvmfs/atlas.cern.ch/repo/sw/software/21.2/sw/lcg/releases/gcc/6.2.0/x86_64-slc6/bin/../libexec/gcc/]
  ignore line: [LIBRARY_PATH=/cvmfs/atlas.cern.ch/repo/sw/software/21.2/sw/lcg/releases/gcc/6.2.0/x86_64-slc6/bin/../lib/gcc/x86_64-pc-linux-gnu/6.2.0/:/cvmfs/atlas.cern.ch/repo/sw/software/21.2/sw/lcg/releases/gcc/6.2.0/x86_64-slc6/bin/../lib/gcc/:/cvmfs/atlas.cern.ch/repo/sw/software/21.2/sw/lcg/releases/gcc/6.2.0/x86_64-slc6/bin/../lib/gcc/x86_64-pc-linux-gnu/6.2.0/../../../../lib64/:/lib/../lib64/:/usr/lib/../lib64/:/cvmfs/atlas.cern.ch/repo/sw/software/21.2/sw/lcg/releases/gcc/6.2.0/x86_64-slc6/bin/../lib/gcc/x86_64-pc-linux-gnu/6.2.0/../../../:/lib/:/usr/lib/]
  ignore line: [COLLECT_GCC_OPTIONS='-v' '-rdynamic' '-o' 'cmTC_d3897' '-mtune=generic' '-march=x86-64']
  link line: [ /cvmfs/atlas.cern.ch/repo/sw/software/21.2/sw/lcg/releases/gcc/6.2.0/x86_64-slc6/bin/../libexec/gcc/x86_64-pc-linux-gnu/6.2.0/collect2 --eh-frame-hdr -m elf_x86_64 -export-dynamic -dynamic-linker /lib64/ld-linux-x86-64.so.2 -o cmTC_d3897 /usr/lib/../lib64/crt1.o /usr/lib/../lib64/crti.o /cvmfs/atlas.cern.ch/repo/sw/software/21.2/sw/lcg/releases/gcc/6.2.0/x86_64-slc6/bin/../lib/gcc/x86_64-pc-linux-gnu/6.2.0/crtbegin.o -L/cvmfs/atlas.cern.ch/repo/sw/software/21.2/sw/lcg/releases/gcc/6.2.0/x86_64-slc6/bin/../lib/gcc/x86_64-pc-linux-gnu/6.2.0 -L/cvmfs/atlas.cern.ch/repo/sw/software/21.2/sw/lcg/releases/gcc/6.2.0/x86_64-slc6/bin/../lib/gcc -L/cvmfs/atlas.cern.ch/repo/sw/software/21.2/sw/lcg/releases/gcc/6.2.0/x86_64-slc6/bin/../lib/gcc/x86_64-pc-linux-gnu/6.2.0/../../../../lib64 -L/lib/../lib64 -L/usr/lib/../lib64 -L/cvmfs/atlas.cern.ch/repo/sw/software/21.2/sw/lcg/releases/gcc/6.2.0/x86_64-slc6/bin/../lib/gcc/x86_64-pc-linux-gnu/6.2.0/../../.. CMakeFiles/cmTC_d3897.dir/CMakeCCompilerABI.c.o -lgcc --as-needed -lgcc_s --no-as-needed -lc -lgcc --as-needed -lgcc_s --no-as-needed /cvmfs/atlas.cern.ch/repo/sw/software/21.2/sw/lcg/releases/gcc/6.2.0/x86_64-slc6/bin/../lib/gcc/x86_64-pc-linux-gnu/6.2.0/crtend.o /usr/lib/../lib64/crtn.o]
    arg [/cvmfs/atlas.cern.ch/repo/sw/software/21.2/sw/lcg/releases/gcc/6.2.0/x86_64-slc6/bin/../libexec/gcc/x86_64-pc-linux-gnu/6.2.0/collect2] ==> ignore
    arg [--eh-frame-hdr] ==> ignore
    arg [-m] ==> ignore
    arg [elf_x86_64] ==> ignore
    arg [-export-dynamic] ==> ignore
    arg [-dynamic-linker] ==> ignore
    arg [/lib64/ld-linux-x86-64.so.2] ==> ignore
    arg [-o] ==> ignore
    arg [cmTC_d3897] ==> ignore
    arg [/usr/lib/../lib64/crt1.o] ==> ignore
    arg [/usr/lib/../lib64/crti.o] ==> ignore
    arg [/cvmfs/atlas.cern.ch/repo/sw/software/21.2/sw/lcg/releases/gcc/6.2.0/x86_64-slc6/bin/../lib/gcc/x86_64-pc-linux-gnu/6.2.0/crtbegin.o] ==> ignore
    arg [-L/cvmfs/atlas.cern.ch/repo/sw/software/21.2/sw/lcg/releases/gcc/6.2.0/x86_64-slc6/bin/../lib/gcc/x86_64-pc-linux-gnu/6.2.0] ==> dir [/cvmfs/atlas.cern.ch/repo/sw/software/21.2/sw/lcg/releases/gcc/6.2.0/x86_64-slc6/bin/../lib/gcc/x86_64-pc-linux-gnu/6.2.0]
    arg [-L/cvmfs/atlas.cern.ch/repo/sw/software/21.2/sw/lcg/releases/gcc/6.2.0/x86_64-slc6/bin/../lib/gcc] ==> dir [/cvmfs/atlas.cern.ch/repo/sw/software/21.2/sw/lcg/releases/gcc/6.2.0/x86_64-slc6/bin/../lib/gcc]
    arg [-L/cvmfs/atlas.cern.ch/repo/sw/software/21.2/sw/lcg/releases/gcc/6.2.0/x86_64-slc6/bin/../lib/gcc/x86_64-pc-linux-gnu/6.2.0/../../../../lib64] ==> dir [/cvmfs/atlas.cern.ch/repo/sw/software/21.2/sw/lcg/releases/gcc/6.2.0/x86_64-slc6/bin/../lib/gcc/x86_64-pc-linux-gnu/6.2.0/../../../../lib64]
    arg [-L/lib/../lib64] ==> dir [/lib/../lib64]
    arg [-L/usr/lib/../lib64] ==> dir [/usr/lib/../lib64]
    arg [-L/cvmfs/atlas.cern.ch/repo/sw/software/21.2/sw/lcg/releases/gcc/6.2.0/x86_64-slc6/bin/../lib/gcc/x86_64-pc-linux-gnu/6.2.0/../../..] ==> dir [/cvmfs/atlas.cern.ch/repo/sw/software/21.2/sw/lcg/releases/gcc/6.2.0/x86_64-slc6/bin/../lib/gcc/x86_64-pc-linux-gnu/6.2.0/../../..]
    arg [CMakeFiles/cmTC_d3897.dir/CMakeCCompilerABI.c.o] ==> ignore
    arg [-lgcc] ==> lib [gcc]
    arg [--as-needed] ==> ignore
    arg [-lgcc_s] ==> lib [gcc_s]
    arg [--no-as-needed] ==> ignore
    arg [-lc] ==> lib [c]
    arg [-lgcc] ==> lib [gcc]
    arg [--as-needed] ==> ignore
    arg [-lgcc_s] ==> lib [gcc_s]
    arg [--no-as-needed] ==> ignore
    arg [/cvmfs/atlas.cern.ch/repo/sw/software/21.2/sw/lcg/releases/gcc/6.2.0/x86_64-slc6/bin/../lib/gcc/x86_64-pc-linux-gnu/6.2.0/crtend.o] ==> ignore
    arg [/usr/lib/../lib64/crtn.o] ==> ignore
  collapse library dir [/cvmfs/atlas.cern.ch/repo/sw/software/21.2/sw/lcg/releases/gcc/6.2.0/x86_64-slc6/bin/../lib/gcc/x86_64-pc-linux-gnu/6.2.0] ==> [/cvmfs/atlas.cern.ch/repo/sw/software/21.2/sw/lcg/releases/gcc/6.2.0/x86_64-slc6/lib/gcc/x86_64-pc-linux-gnu/6.2.0]
  collapse library dir [/cvmfs/atlas.cern.ch/repo/sw/software/21.2/sw/lcg/releases/gcc/6.2.0/x86_64-slc6/bin/../lib/gcc] ==> [/cvmfs/atlas.cern.ch/repo/sw/software/21.2/sw/lcg/releases/gcc/6.2.0/x86_64-slc6/lib/gcc]
  collapse library dir [/cvmfs/atlas.cern.ch/repo/sw/software/21.2/sw/lcg/releases/gcc/6.2.0/x86_64-slc6/bin/../lib/gcc/x86_64-pc-linux-gnu/6.2.0/../../../../lib64] ==> [/cvmfs/atlas.cern.ch/repo/sw/software/21.2/sw/lcg/releases/gcc/6.2.0/x86_64-slc6/lib64]
  collapse library dir [/lib/../lib64] ==> [/lib64]
  collapse library dir [/usr/lib/../lib64] ==> [/usr/lib64]
  collapse library dir [/cvmfs/atlas.cern.ch/repo/sw/software/21.2/sw/lcg/releases/gcc/6.2.0/x86_64-slc6/bin/../lib/gcc/x86_64-pc-linux-gnu/6.2.0/../../..] ==> [/cvmfs/atlas.cern.ch/repo/sw/software/21.2/sw/lcg/releases/gcc/6.2.0/x86_64-slc6/lib]
  implicit libs: [gcc;gcc_s;c;gcc;gcc_s]
  implicit dirs: [/cvmfs/atlas.cern.ch/repo/sw/software/21.2/sw/lcg/releases/gcc/6.2.0/x86_64-slc6/lib/gcc/x86_64-pc-linux-gnu/6.2.0;/cvmfs/atlas.cern.ch/repo/sw/software/21.2/sw/lcg/releases/gcc/6.2.0/x86_64-slc6/lib/gcc;/cvmfs/atlas.cern.ch/repo/sw/software/21.2/sw/lcg/releases/gcc/6.2.0/x86_64-slc6/lib64;/lib64;/usr/lib64;/cvmfs/atlas.cern.ch/repo/sw/software/21.2/sw/lcg/releases/gcc/6.2.0/x86_64-slc6/lib]
  implicit fwks: []




Detecting C [-std=c11] compiler features compiled with the following output:
Change Dir: /user/hteagle/AnalysisDirectory/Rel21/Base.21.2.20/build/CMakeFiles/CMakeTmp

Run Build Command:"/usr/bin/gmake" "cmTC_89957/fast"
/usr/bin/gmake -f CMakeFiles/cmTC_89957.dir/build.make CMakeFiles/cmTC_89957.dir/build
gmake[1]: Entering directory `/user/hteagle/AnalysisDirectory/Rel21/Base.21.2.20/build/CMakeFiles/CMakeTmp'
Building C object CMakeFiles/cmTC_89957.dir/feature_tests.c.o
/cvmfs/atlas.cern.ch/repo/sw/software/21.2/sw/lcg/releases/gcc/6.2.0/x86_64-slc6/bin/gcc   -std=c11 -o CMakeFiles/cmTC_89957.dir/feature_tests.c.o   -c /user/hteagle/AnalysisDirectory/Rel21/Base.21.2.20/build/CMakeFiles/feature_tests.c
Linking C executable cmTC_89957
/cvmfs/atlas.cern.ch/repo/ATLASLocalRootBase/x86_64/Cmake/3.10.2/Linux-x86_64/bin/cmake -E cmake_link_script CMakeFiles/cmTC_89957.dir/link.txt --verbose=1
/cvmfs/atlas.cern.ch/repo/sw/software/21.2/sw/lcg/releases/gcc/6.2.0/x86_64-slc6/bin/gcc      -rdynamic CMakeFiles/cmTC_89957.dir/feature_tests.c.o  -o cmTC_89957 
gmake[1]: Leaving directory `/user/hteagle/AnalysisDirectory/Rel21/Base.21.2.20/build/CMakeFiles/CMakeTmp'


    Feature record: C_FEATURE:1c_function_prototypes
    Feature record: C_FEATURE:1c_restrict
    Feature record: C_FEATURE:1c_static_assert
    Feature record: C_FEATURE:1c_variadic_macros


Detecting C [-std=c99] compiler features compiled with the following output:
Change Dir: /user/hteagle/AnalysisDirectory/Rel21/Base.21.2.20/build/CMakeFiles/CMakeTmp

Run Build Command:"/usr/bin/gmake" "cmTC_ed37f/fast"
/usr/bin/gmake -f CMakeFiles/cmTC_ed37f.dir/build.make CMakeFiles/cmTC_ed37f.dir/build
gmake[1]: Entering directory `/user/hteagle/AnalysisDirectory/Rel21/Base.21.2.20/build/CMakeFiles/CMakeTmp'
Building C object CMakeFiles/cmTC_ed37f.dir/feature_tests.c.o
/cvmfs/atlas.cern.ch/repo/sw/software/21.2/sw/lcg/releases/gcc/6.2.0/x86_64-slc6/bin/gcc   -std=c99 -o CMakeFiles/cmTC_ed37f.dir/feature_tests.c.o   -c /user/hteagle/AnalysisDirectory/Rel21/Base.21.2.20/build/CMakeFiles/feature_tests.c
Linking C executable cmTC_ed37f
/cvmfs/atlas.cern.ch/repo/ATLASLocalRootBase/x86_64/Cmake/3.10.2/Linux-x86_64/bin/cmake -E cmake_link_script CMakeFiles/cmTC_ed37f.dir/link.txt --verbose=1
/cvmfs/atlas.cern.ch/repo/sw/software/21.2/sw/lcg/releases/gcc/6.2.0/x86_64-slc6/bin/gcc      -rdynamic CMakeFiles/cmTC_ed37f.dir/feature_tests.c.o  -o cmTC_ed37f 
gmake[1]: Leaving directory `/user/hteagle/AnalysisDirectory/Rel21/Base.21.2.20/build/CMakeFiles/CMakeTmp'


    Feature record: C_FEATURE:1c_function_prototypes
    Feature record: C_FEATURE:1c_restrict
    Feature record: C_FEATURE:0c_static_assert
    Feature record: C_FEATURE:1c_variadic_macros


Detecting C [-std=c90] compiler features compiled with the following output:
Change Dir: /user/hteagle/AnalysisDirectory/Rel21/Base.21.2.20/build/CMakeFiles/CMakeTmp

Run Build Command:"/usr/bin/gmake" "cmTC_69919/fast"
/usr/bin/gmake -f CMakeFiles/cmTC_69919.dir/build.make CMakeFiles/cmTC_69919.dir/build
gmake[1]: Entering directory `/user/hteagle/AnalysisDirectory/Rel21/Base.21.2.20/build/CMakeFiles/CMakeTmp'
Building C object CMakeFiles/cmTC_69919.dir/feature_tests.c.o
/cvmfs/atlas.cern.ch/repo/sw/software/21.2/sw/lcg/releases/gcc/6.2.0/x86_64-slc6/bin/gcc   -std=c90 -o CMakeFiles/cmTC_69919.dir/feature_tests.c.o   -c /user/hteagle/AnalysisDirectory/Rel21/Base.21.2.20/build/CMakeFiles/feature_tests.c
Linking C executable cmTC_69919
/cvmfs/atlas.cern.ch/repo/ATLASLocalRootBase/x86_64/Cmake/3.10.2/Linux-x86_64/bin/cmake -E cmake_link_script CMakeFiles/cmTC_69919.dir/link.txt --verbose=1
/cvmfs/atlas.cern.ch/repo/sw/software/21.2/sw/lcg/releases/gcc/6.2.0/x86_64-slc6/bin/gcc      -rdynamic CMakeFiles/cmTC_69919.dir/feature_tests.c.o  -o cmTC_69919 
gmake[1]: Leaving directory `/user/hteagle/AnalysisDirectory/Rel21/Base.21.2.20/build/CMakeFiles/CMakeTmp'


    Feature record: C_FEATURE:1c_function_prototypes
    Feature record: C_FEATURE:0c_restrict
    Feature record: C_FEATURE:0c_static_assert
    Feature record: C_FEATURE:0c_variadic_macros
Determining if the CXX compiler works passed with the following output:
Change Dir: /user/hteagle/AnalysisDirectory/Rel21/Base.21.2.20/build/CMakeFiles/CMakeTmp

Run Build Command:"/usr/bin/gmake" "cmTC_a571c/fast"
/usr/bin/gmake -f CMakeFiles/cmTC_a571c.dir/build.make CMakeFiles/cmTC_a571c.dir/build
gmake[1]: Entering directory `/user/hteagle/AnalysisDirectory/Rel21/Base.21.2.20/build/CMakeFiles/CMakeTmp'
Building CXX object CMakeFiles/cmTC_a571c.dir/testCXXCompiler.cxx.o
/cvmfs/atlas.cern.ch/repo/sw/software/21.2/sw/lcg/releases/gcc/6.2.0/x86_64-slc6/bin/g++     -o CMakeFiles/cmTC_a571c.dir/testCXXCompiler.cxx.o -c /user/hteagle/AnalysisDirectory/Rel21/Base.21.2.20/build/CMakeFiles/CMakeTmp/testCXXCompiler.cxx
Linking CXX executable cmTC_a571c
/cvmfs/atlas.cern.ch/repo/ATLASLocalRootBase/x86_64/Cmake/3.10.2/Linux-x86_64/bin/cmake -E cmake_link_script CMakeFiles/cmTC_a571c.dir/link.txt --verbose=1
/cvmfs/atlas.cern.ch/repo/sw/software/21.2/sw/lcg/releases/gcc/6.2.0/x86_64-slc6/bin/g++       -rdynamic CMakeFiles/cmTC_a571c.dir/testCXXCompiler.cxx.o  -o cmTC_a571c 
gmake[1]: Leaving directory `/user/hteagle/AnalysisDirectory/Rel21/Base.21.2.20/build/CMakeFiles/CMakeTmp'


Detecting CXX compiler ABI info compiled with the following output:
Change Dir: /user/hteagle/AnalysisDirectory/Rel21/Base.21.2.20/build/CMakeFiles/CMakeTmp

Run Build Command:"/usr/bin/gmake" "cmTC_66e67/fast"
/usr/bin/gmake -f CMakeFiles/cmTC_66e67.dir/build.make CMakeFiles/cmTC_66e67.dir/build
gmake[1]: Entering directory `/user/hteagle/AnalysisDirectory/Rel21/Base.21.2.20/build/CMakeFiles/CMakeTmp'
Building CXX object CMakeFiles/cmTC_66e67.dir/CMakeCXXCompilerABI.cpp.o
/cvmfs/atlas.cern.ch/repo/sw/software/21.2/sw/lcg/releases/gcc/6.2.0/x86_64-slc6/bin/g++     -o CMakeFiles/cmTC_66e67.dir/CMakeCXXCompilerABI.cpp.o -c /cvmfs/atlas.cern.ch/repo/ATLASLocalRootBase/x86_64/Cmake/3.10.2/Linux-x86_64/share/cmake-3.10/Modules/CMakeCXXCompilerABI.cpp
Linking CXX executable cmTC_66e67
/cvmfs/atlas.cern.ch/repo/ATLASLocalRootBase/x86_64/Cmake/3.10.2/Linux-x86_64/bin/cmake -E cmake_link_script CMakeFiles/cmTC_66e67.dir/link.txt --verbose=1
/cvmfs/atlas.cern.ch/repo/sw/software/21.2/sw/lcg/releases/gcc/6.2.0/x86_64-slc6/bin/g++      -v -rdynamic CMakeFiles/cmTC_66e67.dir/CMakeCXXCompilerABI.cpp.o  -o cmTC_66e67 
Using built-in specs.
COLLECT_GCC=/cvmfs/atlas.cern.ch/repo/sw/software/21.2/sw/lcg/releases/gcc/6.2.0/x86_64-slc6/bin/g++
COLLECT_LTO_WRAPPER=/cvmfs/atlas.cern.ch/repo/sw/software/21.2/sw/lcg/releases/gcc/6.2.0/x86_64-slc6/bin/../libexec/gcc/x86_64-pc-linux-gnu/6.2.0/lto-wrapper
Target: x86_64-pc-linux-gnu
Configured with: ../gcc-6.2.0/configure --prefix=/build/pmendez-sftnight/install-620local -with-system-zlib --disable-multilib --enable-languages=all
Thread model: posix
gcc version 6.2.0 (GCC) 
COMPILER_PATH=/cvmfs/atlas.cern.ch/repo/sw/software/21.2/sw/lcg/releases/gcc/6.2.0/x86_64-slc6/bin/../libexec/gcc/x86_64-pc-linux-gnu/6.2.0/:/cvmfs/atlas.cern.ch/repo/sw/software/21.2/sw/lcg/releases/gcc/6.2.0/x86_64-slc6/bin/../libexec/gcc/
LIBRARY_PATH=/cvmfs/atlas.cern.ch/repo/sw/software/21.2/sw/lcg/releases/gcc/6.2.0/x86_64-slc6/bin/../lib/gcc/x86_64-pc-linux-gnu/6.2.0/:/cvmfs/atlas.cern.ch/repo/sw/software/21.2/sw/lcg/releases/gcc/6.2.0/x86_64-slc6/bin/../lib/gcc/:/cvmfs/atlas.cern.ch/repo/sw/software/21.2/sw/lcg/releases/gcc/6.2.0/x86_64-slc6/bin/../lib/gcc/x86_64-pc-linux-gnu/6.2.0/../../../../lib64/:/lib/../lib64/:/usr/lib/../lib64/:/cvmfs/atlas.cern.ch/repo/sw/software/21.2/sw/lcg/releases/gcc/6.2.0/x86_64-slc6/bin/../lib/gcc/x86_64-pc-linux-gnu/6.2.0/../../../:/lib/:/usr/lib/
COLLECT_GCC_OPTIONS='-v' '-rdynamic' '-o' 'cmTC_66e67' '-shared-libgcc' '-mtune=generic' '-march=x86-64'
 /cvmfs/atlas.cern.ch/repo/sw/software/21.2/sw/lcg/releases/gcc/6.2.0/x86_64-slc6/bin/../libexec/gcc/x86_64-pc-linux-gnu/6.2.0/collect2 --eh-frame-hdr -m elf_x86_64 -export-dynamic -dynamic-linker /lib64/ld-linux-x86-64.so.2 -o cmTC_66e67 /usr/lib/../lib64/crt1.o /usr/lib/../lib64/crti.o /cvmfs/atlas.cern.ch/repo/sw/software/21.2/sw/lcg/releases/gcc/6.2.0/x86_64-slc6/bin/../lib/gcc/x86_64-pc-linux-gnu/6.2.0/crtbegin.o -L/cvmfs/atlas.cern.ch/repo/sw/software/21.2/sw/lcg/releases/gcc/6.2.0/x86_64-slc6/bin/../lib/gcc/x86_64-pc-linux-gnu/6.2.0 -L/cvmfs/atlas.cern.ch/repo/sw/software/21.2/sw/lcg/releases/gcc/6.2.0/x86_64-slc6/bin/../lib/gcc -L/cvmfs/atlas.cern.ch/repo/sw/software/21.2/sw/lcg/releases/gcc/6.2.0/x86_64-slc6/bin/../lib/gcc/x86_64-pc-linux-gnu/6.2.0/../../../../lib64 -L/lib/../lib64 -L/usr/lib/../lib64 -L/cvmfs/atlas.cern.ch/repo/sw/software/21.2/sw/lcg/releases/gcc/6.2.0/x86_64-slc6/bin/../lib/gcc/x86_64-pc-linux-gnu/6.2.0/../../.. CMakeFiles/cmTC_66e67.dir/CMakeCXXCompilerABI.cpp.o -lstdc++ -lm -lgcc_s -lgcc -lc -lgcc_s -lgcc /cvmfs/atlas.cern.ch/repo/sw/software/21.2/sw/lcg/releases/gcc/6.2.0/x86_64-slc6/bin/../lib/gcc/x86_64-pc-linux-gnu/6.2.0/crtend.o /usr/lib/../lib64/crtn.o
COLLECT_GCC_OPTIONS='-v' '-rdynamic' '-o' 'cmTC_66e67' '-shared-libgcc' '-mtune=generic' '-march=x86-64'
gmake[1]: Leaving directory `/user/hteagle/AnalysisDirectory/Rel21/Base.21.2.20/build/CMakeFiles/CMakeTmp'


Parsed CXX implicit link information from above output:
  link line regex: [^( *|.*[/\])(ld|CMAKE_LINK_STARTFILE-NOTFOUND|([^/\]+-)?ld|collect2)[^/\]*( |$)]
  ignore line: [Change Dir: /user/hteagle/AnalysisDirectory/Rel21/Base.21.2.20/build/CMakeFiles/CMakeTmp]
  ignore line: []
  ignore line: [Run Build Command:"/usr/bin/gmake" "cmTC_66e67/fast"]
  ignore line: [/usr/bin/gmake -f CMakeFiles/cmTC_66e67.dir/build.make CMakeFiles/cmTC_66e67.dir/build]
  ignore line: [gmake[1]: Entering directory `/user/hteagle/AnalysisDirectory/Rel21/Base.21.2.20/build/CMakeFiles/CMakeTmp']
  ignore line: [Building CXX object CMakeFiles/cmTC_66e67.dir/CMakeCXXCompilerABI.cpp.o]
  ignore line: [/cvmfs/atlas.cern.ch/repo/sw/software/21.2/sw/lcg/releases/gcc/6.2.0/x86_64-slc6/bin/g++     -o CMakeFiles/cmTC_66e67.dir/CMakeCXXCompilerABI.cpp.o -c /cvmfs/atlas.cern.ch/repo/ATLASLocalRootBase/x86_64/Cmake/3.10.2/Linux-x86_64/share/cmake-3.10/Modules/CMakeCXXCompilerABI.cpp]
  ignore line: [Linking CXX executable cmTC_66e67]
  ignore line: [/cvmfs/atlas.cern.ch/repo/ATLASLocalRootBase/x86_64/Cmake/3.10.2/Linux-x86_64/bin/cmake -E cmake_link_script CMakeFiles/cmTC_66e67.dir/link.txt --verbose=1]
  ignore line: [/cvmfs/atlas.cern.ch/repo/sw/software/21.2/sw/lcg/releases/gcc/6.2.0/x86_64-slc6/bin/g++      -v -rdynamic CMakeFiles/cmTC_66e67.dir/CMakeCXXCompilerABI.cpp.o  -o cmTC_66e67 ]
  ignore line: [Using built-in specs.]
  ignore line: [COLLECT_GCC=/cvmfs/atlas.cern.ch/repo/sw/software/21.2/sw/lcg/releases/gcc/6.2.0/x86_64-slc6/bin/g++]
  ignore line: [COLLECT_LTO_WRAPPER=/cvmfs/atlas.cern.ch/repo/sw/software/21.2/sw/lcg/releases/gcc/6.2.0/x86_64-slc6/bin/../libexec/gcc/x86_64-pc-linux-gnu/6.2.0/lto-wrapper]
  ignore line: [Target: x86_64-pc-linux-gnu]
  ignore line: [Configured with: ../gcc-6.2.0/configure --prefix=/build/pmendez-sftnight/install-620local -with-system-zlib --disable-multilib --enable-languages=all]
  ignore line: [Thread model: posix]
  ignore line: [gcc version 6.2.0 (GCC) ]
  ignore line: [COMPILER_PATH=/cvmfs/atlas.cern.ch/repo/sw/software/21.2/sw/lcg/releases/gcc/6.2.0/x86_64-slc6/bin/../libexec/gcc/x86_64-pc-linux-gnu/6.2.0/:/cvmfs/atlas.cern.ch/repo/sw/software/21.2/sw/lcg/releases/gcc/6.2.0/x86_64-slc6/bin/../libexec/gcc/]
  ignore line: [LIBRARY_PATH=/cvmfs/atlas.cern.ch/repo/sw/software/21.2/sw/lcg/releases/gcc/6.2.0/x86_64-slc6/bin/../lib/gcc/x86_64-pc-linux-gnu/6.2.0/:/cvmfs/atlas.cern.ch/repo/sw/software/21.2/sw/lcg/releases/gcc/6.2.0/x86_64-slc6/bin/../lib/gcc/:/cvmfs/atlas.cern.ch/repo/sw/software/21.2/sw/lcg/releases/gcc/6.2.0/x86_64-slc6/bin/../lib/gcc/x86_64-pc-linux-gnu/6.2.0/../../../../lib64/:/lib/../lib64/:/usr/lib/../lib64/:/cvmfs/atlas.cern.ch/repo/sw/software/21.2/sw/lcg/releases/gcc/6.2.0/x86_64-slc6/bin/../lib/gcc/x86_64-pc-linux-gnu/6.2.0/../../../:/lib/:/usr/lib/]
  ignore line: [COLLECT_GCC_OPTIONS='-v' '-rdynamic' '-o' 'cmTC_66e67' '-shared-libgcc' '-mtune=generic' '-march=x86-64']
  link line: [ /cvmfs/atlas.cern.ch/repo/sw/software/21.2/sw/lcg/releases/gcc/6.2.0/x86_64-slc6/bin/../libexec/gcc/x86_64-pc-linux-gnu/6.2.0/collect2 --eh-frame-hdr -m elf_x86_64 -export-dynamic -dynamic-linker /lib64/ld-linux-x86-64.so.2 -o cmTC_66e67 /usr/lib/../lib64/crt1.o /usr/lib/../lib64/crti.o /cvmfs/atlas.cern.ch/repo/sw/software/21.2/sw/lcg/releases/gcc/6.2.0/x86_64-slc6/bin/../lib/gcc/x86_64-pc-linux-gnu/6.2.0/crtbegin.o -L/cvmfs/atlas.cern.ch/repo/sw/software/21.2/sw/lcg/releases/gcc/6.2.0/x86_64-slc6/bin/../lib/gcc/x86_64-pc-linux-gnu/6.2.0 -L/cvmfs/atlas.cern.ch/repo/sw/software/21.2/sw/lcg/releases/gcc/6.2.0/x86_64-slc6/bin/../lib/gcc -L/cvmfs/atlas.cern.ch/repo/sw/software/21.2/sw/lcg/releases/gcc/6.2.0/x86_64-slc6/bin/../lib/gcc/x86_64-pc-linux-gnu/6.2.0/../../../../lib64 -L/lib/../lib64 -L/usr/lib/../lib64 -L/cvmfs/atlas.cern.ch/repo/sw/software/21.2/sw/lcg/releases/gcc/6.2.0/x86_64-slc6/bin/../lib/gcc/x86_64-pc-linux-gnu/6.2.0/../../.. CMakeFiles/cmTC_66e67.dir/CMakeCXXCompilerABI.cpp.o -lstdc++ -lm -lgcc_s -lgcc -lc -lgcc_s -lgcc /cvmfs/atlas.cern.ch/repo/sw/software/21.2/sw/lcg/releases/gcc/6.2.0/x86_64-slc6/bin/../lib/gcc/x86_64-pc-linux-gnu/6.2.0/crtend.o /usr/lib/../lib64/crtn.o]
    arg [/cvmfs/atlas.cern.ch/repo/sw/software/21.2/sw/lcg/releases/gcc/6.2.0/x86_64-slc6/bin/../libexec/gcc/x86_64-pc-linux-gnu/6.2.0/collect2] ==> ignore
    arg [--eh-frame-hdr] ==> ignore
    arg [-m] ==> ignore
    arg [elf_x86_64] ==> ignore
    arg [-export-dynamic] ==> ignore
    arg [-dynamic-linker] ==> ignore
    arg [/lib64/ld-linux-x86-64.so.2] ==> ignore
    arg [-o] ==> ignore
    arg [cmTC_66e67] ==> ignore
    arg [/usr/lib/../lib64/crt1.o] ==> ignore
    arg [/usr/lib/../lib64/crti.o] ==> ignore
    arg [/cvmfs/atlas.cern.ch/repo/sw/software/21.2/sw/lcg/releases/gcc/6.2.0/x86_64-slc6/bin/../lib/gcc/x86_64-pc-linux-gnu/6.2.0/crtbegin.o] ==> ignore
    arg [-L/cvmfs/atlas.cern.ch/repo/sw/software/21.2/sw/lcg/releases/gcc/6.2.0/x86_64-slc6/bin/../lib/gcc/x86_64-pc-linux-gnu/6.2.0] ==> dir [/cvmfs/atlas.cern.ch/repo/sw/software/21.2/sw/lcg/releases/gcc/6.2.0/x86_64-slc6/bin/../lib/gcc/x86_64-pc-linux-gnu/6.2.0]
    arg [-L/cvmfs/atlas.cern.ch/repo/sw/software/21.2/sw/lcg/releases/gcc/6.2.0/x86_64-slc6/bin/../lib/gcc] ==> dir [/cvmfs/atlas.cern.ch/repo/sw/software/21.2/sw/lcg/releases/gcc/6.2.0/x86_64-slc6/bin/../lib/gcc]
    arg [-L/cvmfs/atlas.cern.ch/repo/sw/software/21.2/sw/lcg/releases/gcc/6.2.0/x86_64-slc6/bin/../lib/gcc/x86_64-pc-linux-gnu/6.2.0/../../../../lib64] ==> dir [/cvmfs/atlas.cern.ch/repo/sw/software/21.2/sw/lcg/releases/gcc/6.2.0/x86_64-slc6/bin/../lib/gcc/x86_64-pc-linux-gnu/6.2.0/../../../../lib64]
    arg [-L/lib/../lib64] ==> dir [/lib/../lib64]
    arg [-L/usr/lib/../lib64] ==> dir [/usr/lib/../lib64]
    arg [-L/cvmfs/atlas.cern.ch/repo/sw/software/21.2/sw/lcg/releases/gcc/6.2.0/x86_64-slc6/bin/../lib/gcc/x86_64-pc-linux-gnu/6.2.0/../../..] ==> dir [/cvmfs/atlas.cern.ch/repo/sw/software/21.2/sw/lcg/releases/gcc/6.2.0/x86_64-slc6/bin/../lib/gcc/x86_64-pc-linux-gnu/6.2.0/../../..]
    arg [CMakeFiles/cmTC_66e67.dir/CMakeCXXCompilerABI.cpp.o] ==> ignore
    arg [-lstdc++] ==> lib [stdc++]
    arg [-lm] ==> lib [m]
    arg [-lgcc_s] ==> lib [gcc_s]
    arg [-lgcc] ==> lib [gcc]
    arg [-lc] ==> lib [c]
    arg [-lgcc_s] ==> lib [gcc_s]
    arg [-lgcc] ==> lib [gcc]
    arg [/cvmfs/atlas.cern.ch/repo/sw/software/21.2/sw/lcg/releases/gcc/6.2.0/x86_64-slc6/bin/../lib/gcc/x86_64-pc-linux-gnu/6.2.0/crtend.o] ==> ignore
    arg [/usr/lib/../lib64/crtn.o] ==> ignore
  collapse library dir [/cvmfs/atlas.cern.ch/repo/sw/software/21.2/sw/lcg/releases/gcc/6.2.0/x86_64-slc6/bin/../lib/gcc/x86_64-pc-linux-gnu/6.2.0] ==> [/cvmfs/atlas.cern.ch/repo/sw/software/21.2/sw/lcg/releases/gcc/6.2.0/x86_64-slc6/lib/gcc/x86_64-pc-linux-gnu/6.2.0]
  collapse library dir [/cvmfs/atlas.cern.ch/repo/sw/software/21.2/sw/lcg/releases/gcc/6.2.0/x86_64-slc6/bin/../lib/gcc] ==> [/cvmfs/atlas.cern.ch/repo/sw/software/21.2/sw/lcg/releases/gcc/6.2.0/x86_64-slc6/lib/gcc]
  collapse library dir [/cvmfs/atlas.cern.ch/repo/sw/software/21.2/sw/lcg/releases/gcc/6.2.0/x86_64-slc6/bin/../lib/gcc/x86_64-pc-linux-gnu/6.2.0/../../../../lib64] ==> [/cvmfs/atlas.cern.ch/repo/sw/software/21.2/sw/lcg/releases/gcc/6.2.0/x86_64-slc6/lib64]
  collapse library dir [/lib/../lib64] ==> [/lib64]
  collapse library dir [/usr/lib/../lib64] ==> [/usr/lib64]
  collapse library dir [/cvmfs/atlas.cern.ch/repo/sw/software/21.2/sw/lcg/releases/gcc/6.2.0/x86_64-slc6/bin/../lib/gcc/x86_64-pc-linux-gnu/6.2.0/../../..] ==> [/cvmfs/atlas.cern.ch/repo/sw/software/21.2/sw/lcg/releases/gcc/6.2.0/x86_64-slc6/lib]
  implicit libs: [stdc++;m;gcc_s;gcc;c;gcc_s;gcc]
  implicit dirs: [/cvmfs/atlas.cern.ch/repo/sw/software/21.2/sw/lcg/releases/gcc/6.2.0/x86_64-slc6/lib/gcc/x86_64-pc-linux-gnu/6.2.0;/cvmfs/atlas.cern.ch/repo/sw/software/21.2/sw/lcg/releases/gcc/6.2.0/x86_64-slc6/lib/gcc;/cvmfs/atlas.cern.ch/repo/sw/software/21.2/sw/lcg/releases/gcc/6.2.0/x86_64-slc6/lib64;/lib64;/usr/lib64;/cvmfs/atlas.cern.ch/repo/sw/software/21.2/sw/lcg/releases/gcc/6.2.0/x86_64-slc6/lib]
  implicit fwks: []




Detecting CXX [-std=c++1z] compiler features compiled with the following output:
Change Dir: /user/hteagle/AnalysisDirectory/Rel21/Base.21.2.20/build/CMakeFiles/CMakeTmp

Run Build Command:"/usr/bin/gmake" "cmTC_4f574/fast"
/usr/bin/gmake -f CMakeFiles/cmTC_4f574.dir/build.make CMakeFiles/cmTC_4f574.dir/build
gmake[1]: Entering directory `/user/hteagle/AnalysisDirectory/Rel21/Base.21.2.20/build/CMakeFiles/CMakeTmp'
Building CXX object CMakeFiles/cmTC_4f574.dir/feature_tests.cxx.o
/cvmfs/atlas.cern.ch/repo/sw/software/21.2/sw/lcg/releases/gcc/6.2.0/x86_64-slc6/bin/g++    -std=c++1z -o CMakeFiles/cmTC_4f574.dir/feature_tests.cxx.o -c /user/hteagle/AnalysisDirectory/Rel21/Base.21.2.20/build/CMakeFiles/feature_tests.cxx
Linking CXX executable cmTC_4f574
/cvmfs/atlas.cern.ch/repo/ATLASLocalRootBase/x86_64/Cmake/3.10.2/Linux-x86_64/bin/cmake -E cmake_link_script CMakeFiles/cmTC_4f574.dir/link.txt --verbose=1
/cvmfs/atlas.cern.ch/repo/sw/software/21.2/sw/lcg/releases/gcc/6.2.0/x86_64-slc6/bin/g++       -rdynamic CMakeFiles/cmTC_4f574.dir/feature_tests.cxx.o  -o cmTC_4f574 
gmake[1]: Leaving directory `/user/hteagle/AnalysisDirectory/Rel21/Base.21.2.20/build/CMakeFiles/CMakeTmp'


    Feature record: CXX_FEATURE:1cxx_aggregate_default_initializers
    Feature record: CXX_FEATURE:1cxx_alias_templates
    Feature record: CXX_FEATURE:1cxx_alignas
    Feature record: CXX_FEATURE:1cxx_alignof
    Feature record: CXX_FEATURE:1cxx_attributes
    Feature record: CXX_FEATURE:1cxx_attribute_deprecated
    Feature record: CXX_FEATURE:1cxx_auto_type
    Feature record: CXX_FEATURE:1cxx_binary_literals
    Feature record: CXX_FEATURE:1cxx_constexpr
    Feature record: CXX_FEATURE:1cxx_contextual_conversions
    Feature record: CXX_FEATURE:1cxx_decltype
    Feature record: CXX_FEATURE:1cxx_decltype_auto
    Feature record: CXX_FEATURE:1cxx_decltype_incomplete_return_types
    Feature record: CXX_FEATURE:1cxx_default_function_template_args
    Feature record: CXX_FEATURE:1cxx_defaulted_functions
    Feature record: CXX_FEATURE:1cxx_defaulted_move_initializers
    Feature record: CXX_FEATURE:1cxx_delegating_constructors
    Feature record: CXX_FEATURE:1cxx_deleted_functions
    Feature record: CXX_FEATURE:1cxx_digit_separators
    Feature record: CXX_FEATURE:1cxx_enum_forward_declarations
    Feature record: CXX_FEATURE:1cxx_explicit_conversions
    Feature record: CXX_FEATURE:1cxx_extended_friend_declarations
    Feature record: CXX_FEATURE:1cxx_extern_templates
    Feature record: CXX_FEATURE:1cxx_final
    Feature record: CXX_FEATURE:1cxx_func_identifier
    Feature record: CXX_FEATURE:1cxx_generalized_initializers
    Feature record: CXX_FEATURE:1cxx_generic_lambdas
    Feature record: CXX_FEATURE:1cxx_inheriting_constructors
    Feature record: CXX_FEATURE:1cxx_inline_namespaces
    Feature record: CXX_FEATURE:1cxx_lambdas
    Feature record: CXX_FEATURE:1cxx_lambda_init_captures
    Feature record: CXX_FEATURE:1cxx_local_type_template_args
    Feature record: CXX_FEATURE:1cxx_long_long_type
    Feature record: CXX_FEATURE:1cxx_noexcept
    Feature record: CXX_FEATURE:1cxx_nonstatic_member_init
    Feature record: CXX_FEATURE:1cxx_nullptr
    Feature record: CXX_FEATURE:1cxx_override
    Feature record: CXX_FEATURE:1cxx_range_for
    Feature record: CXX_FEATURE:1cxx_raw_string_literals
    Feature record: CXX_FEATURE:1cxx_reference_qualified_functions
    Feature record: CXX_FEATURE:1cxx_relaxed_constexpr
    Feature record: CXX_FEATURE:1cxx_return_type_deduction
    Feature record: CXX_FEATURE:1cxx_right_angle_brackets
    Feature record: CXX_FEATURE:1cxx_rvalue_references
    Feature record: CXX_FEATURE:1cxx_sizeof_member
    Feature record: CXX_FEATURE:1cxx_static_assert
    Feature record: CXX_FEATURE:1cxx_strong_enums
    Feature record: CXX_FEATURE:1cxx_template_template_parameters
    Feature record: CXX_FEATURE:1cxx_thread_local
    Feature record: CXX_FEATURE:1cxx_trailing_return_types
    Feature record: CXX_FEATURE:1cxx_unicode_literals
    Feature record: CXX_FEATURE:1cxx_uniform_initialization
    Feature record: CXX_FEATURE:1cxx_unrestricted_unions
    Feature record: CXX_FEATURE:1cxx_user_literals
    Feature record: CXX_FEATURE:1cxx_variable_templates
    Feature record: CXX_FEATURE:1cxx_variadic_macros
    Feature record: CXX_FEATURE:1cxx_variadic_templates


Detecting CXX [-std=c++14] compiler features compiled with the following output:
Change Dir: /user/hteagle/AnalysisDirectory/Rel21/Base.21.2.20/build/CMakeFiles/CMakeTmp

Run Build Command:"/usr/bin/gmake" "cmTC_e63f0/fast"
/usr/bin/gmake -f CMakeFiles/cmTC_e63f0.dir/build.make CMakeFiles/cmTC_e63f0.dir/build
gmake[1]: Entering directory `/user/hteagle/AnalysisDirectory/Rel21/Base.21.2.20/build/CMakeFiles/CMakeTmp'
Building CXX object CMakeFiles/cmTC_e63f0.dir/feature_tests.cxx.o
/cvmfs/atlas.cern.ch/repo/sw/software/21.2/sw/lcg/releases/gcc/6.2.0/x86_64-slc6/bin/g++    -std=c++14 -o CMakeFiles/cmTC_e63f0.dir/feature_tests.cxx.o -c /user/hteagle/AnalysisDirectory/Rel21/Base.21.2.20/build/CMakeFiles/feature_tests.cxx
Linking CXX executable cmTC_e63f0
/cvmfs/atlas.cern.ch/repo/ATLASLocalRootBase/x86_64/Cmake/3.10.2/Linux-x86_64/bin/cmake -E cmake_link_script CMakeFiles/cmTC_e63f0.dir/link.txt --verbose=1
/cvmfs/atlas.cern.ch/repo/sw/software/21.2/sw/lcg/releases/gcc/6.2.0/x86_64-slc6/bin/g++       -rdynamic CMakeFiles/cmTC_e63f0.dir/feature_tests.cxx.o  -o cmTC_e63f0 
gmake[1]: Leaving directory `/user/hteagle/AnalysisDirectory/Rel21/Base.21.2.20/build/CMakeFiles/CMakeTmp'


    Feature record: CXX_FEATURE:1cxx_aggregate_default_initializers
    Feature record: CXX_FEATURE:1cxx_alias_templates
    Feature record: CXX_FEATURE:1cxx_alignas
    Feature record: CXX_FEATURE:1cxx_alignof
    Feature record: CXX_FEATURE:1cxx_attributes
    Feature record: CXX_FEATURE:1cxx_attribute_deprecated
    Feature record: CXX_FEATURE:1cxx_auto_type
    Feature record: CXX_FEATURE:1cxx_binary_literals
    Feature record: CXX_FEATURE:1cxx_constexpr
    Feature record: CXX_FEATURE:1cxx_contextual_conversions
    Feature record: CXX_FEATURE:1cxx_decltype
    Feature record: CXX_FEATURE:1cxx_decltype_auto
    Feature record: CXX_FEATURE:1cxx_decltype_incomplete_return_types
    Feature record: CXX_FEATURE:1cxx_default_function_template_args
    Feature record: CXX_FEATURE:1cxx_defaulted_functions
    Feature record: CXX_FEATURE:1cxx_defaulted_move_initializers
    Feature record: CXX_FEATURE:1cxx_delegating_constructors
    Feature record: CXX_FEATURE:1cxx_deleted_functions
    Feature record: CXX_FEATURE:1cxx_digit_separators
    Feature record: CXX_FEATURE:1cxx_enum_forward_declarations
    Feature record: CXX_FEATURE:1cxx_explicit_conversions
    Feature record: CXX_FEATURE:1cxx_extended_friend_declarations
    Feature record: CXX_FEATURE:1cxx_extern_templates
    Feature record: CXX_FEATURE:1cxx_final
    Feature record: CXX_FEATURE:1cxx_func_identifier
    Feature record: CXX_FEATURE:1cxx_generalized_initializers
    Feature record: CXX_FEATURE:1cxx_generic_lambdas
    Feature record: CXX_FEATURE:1cxx_inheriting_constructors
    Feature record: CXX_FEATURE:1cxx_inline_namespaces
    Feature record: CXX_FEATURE:1cxx_lambdas
    Feature record: CXX_FEATURE:1cxx_lambda_init_captures
    Feature record: CXX_FEATURE:1cxx_local_type_template_args
    Feature record: CXX_FEATURE:1cxx_long_long_type
    Feature record: CXX_FEATURE:1cxx_noexcept
    Feature record: CXX_FEATURE:1cxx_nonstatic_member_init
    Feature record: CXX_FEATURE:1cxx_nullptr
    Feature record: CXX_FEATURE:1cxx_override
    Feature record: CXX_FEATURE:1cxx_range_for
    Feature record: CXX_FEATURE:1cxx_raw_string_literals
    Feature record: CXX_FEATURE:1cxx_reference_qualified_functions
    Feature record: CXX_FEATURE:1cxx_relaxed_constexpr
    Feature record: CXX_FEATURE:1cxx_return_type_deduction
    Feature record: CXX_FEATURE:1cxx_right_angle_brackets
    Feature record: CXX_FEATURE:1cxx_rvalue_references
    Feature record: CXX_FEATURE:1cxx_sizeof_member
    Feature record: CXX_FEATURE:1cxx_static_assert
    Feature record: CXX_FEATURE:1cxx_strong_enums
    Feature record: CXX_FEATURE:1cxx_template_template_parameters
    Feature record: CXX_FEATURE:1cxx_thread_local
    Feature record: CXX_FEATURE:1cxx_trailing_return_types
    Feature record: CXX_FEATURE:1cxx_unicode_literals
    Feature record: CXX_FEATURE:1cxx_uniform_initialization
    Feature record: CXX_FEATURE:1cxx_unrestricted_unions
    Feature record: CXX_FEATURE:1cxx_user_literals
    Feature record: CXX_FEATURE:1cxx_variable_templates
    Feature record: CXX_FEATURE:1cxx_variadic_macros
    Feature record: CXX_FEATURE:1cxx_variadic_templates


Detecting CXX [-std=c++11] compiler features compiled with the following output:
Change Dir: /user/hteagle/AnalysisDirectory/Rel21/Base.21.2.20/build/CMakeFiles/CMakeTmp

Run Build Command:"/usr/bin/gmake" "cmTC_643db/fast"
/usr/bin/gmake -f CMakeFiles/cmTC_643db.dir/build.make CMakeFiles/cmTC_643db.dir/build
gmake[1]: Entering directory `/user/hteagle/AnalysisDirectory/Rel21/Base.21.2.20/build/CMakeFiles/CMakeTmp'
Building CXX object CMakeFiles/cmTC_643db.dir/feature_tests.cxx.o
/cvmfs/atlas.cern.ch/repo/sw/software/21.2/sw/lcg/releases/gcc/6.2.0/x86_64-slc6/bin/g++    -std=c++11 -o CMakeFiles/cmTC_643db.dir/feature_tests.cxx.o -c /user/hteagle/AnalysisDirectory/Rel21/Base.21.2.20/build/CMakeFiles/feature_tests.cxx
Linking CXX executable cmTC_643db
/cvmfs/atlas.cern.ch/repo/ATLASLocalRootBase/x86_64/Cmake/3.10.2/Linux-x86_64/bin/cmake -E cmake_link_script CMakeFiles/cmTC_643db.dir/link.txt --verbose=1
/cvmfs/atlas.cern.ch/repo/sw/software/21.2/sw/lcg/releases/gcc/6.2.0/x86_64-slc6/bin/g++       -rdynamic CMakeFiles/cmTC_643db.dir/feature_tests.cxx.o  -o cmTC_643db 
gmake[1]: Leaving directory `/user/hteagle/AnalysisDirectory/Rel21/Base.21.2.20/build/CMakeFiles/CMakeTmp'


    Feature record: CXX_FEATURE:0cxx_aggregate_default_initializers
    Feature record: CXX_FEATURE:1cxx_alias_templates
    Feature record: CXX_FEATURE:1cxx_alignas
    Feature record: CXX_FEATURE:1cxx_alignof
    Feature record: CXX_FEATURE:1cxx_attributes
    Feature record: CXX_FEATURE:0cxx_attribute_deprecated
    Feature record: CXX_FEATURE:1cxx_auto_type
    Feature record: CXX_FEATURE:0cxx_binary_literals
    Feature record: CXX_FEATURE:1cxx_constexpr
    Feature record: CXX_FEATURE:0cxx_contextual_conversions
    Feature record: CXX_FEATURE:1cxx_decltype
    Feature record: CXX_FEATURE:0cxx_decltype_auto
    Feature record: CXX_FEATURE:1cxx_decltype_incomplete_return_types
    Feature record: CXX_FEATURE:1cxx_default_function_template_args
    Feature record: CXX_FEATURE:1cxx_defaulted_functions
    Feature record: CXX_FEATURE:1cxx_defaulted_move_initializers
    Feature record: CXX_FEATURE:1cxx_delegating_constructors
    Feature record: CXX_FEATURE:1cxx_deleted_functions
    Feature record: CXX_FEATURE:0cxx_digit_separators
    Feature record: CXX_FEATURE:1cxx_enum_forward_declarations
    Feature record: CXX_FEATURE:1cxx_explicit_conversions
    Feature record: CXX_FEATURE:1cxx_extended_friend_declarations
    Feature record: CXX_FEATURE:1cxx_extern_templates
    Feature record: CXX_FEATURE:1cxx_final
    Feature record: CXX_FEATURE:1cxx_func_identifier
    Feature record: CXX_FEATURE:1cxx_generalized_initializers
    Feature record: CXX_FEATURE:0cxx_generic_lambdas
    Feature record: CXX_FEATURE:1cxx_inheriting_constructors
    Feature record: CXX_FEATURE:1cxx_inline_namespaces
    Feature record: CXX_FEATURE:1cxx_lambdas
    Feature record: CXX_FEATURE:0cxx_lambda_init_captures
    Feature record: CXX_FEATURE:1cxx_local_type_template_args
    Feature record: CXX_FEATURE:1cxx_long_long_type
    Feature record: CXX_FEATURE:1cxx_noexcept
    Feature record: CXX_FEATURE:1cxx_nonstatic_member_init
    Feature record: CXX_FEATURE:1cxx_nullptr
    Feature record: CXX_FEATURE:1cxx_override
    Feature record: CXX_FEATURE:1cxx_range_for
    Feature record: CXX_FEATURE:1cxx_raw_string_literals
    Feature record: CXX_FEATURE:1cxx_reference_qualified_functions
    Feature record: CXX_FEATURE:0cxx_relaxed_constexpr
    Feature record: CXX_FEATURE:0cxx_return_type_deduction
    Feature record: CXX_FEATURE:1cxx_right_angle_brackets
    Feature record: CXX_FEATURE:1cxx_rvalue_references
    Feature record: CXX_FEATURE:1cxx_sizeof_member
    Feature record: CXX_FEATURE:1cxx_static_assert
    Feature record: CXX_FEATURE:1cxx_strong_enums
    Feature record: CXX_FEATURE:1cxx_template_template_parameters
    Feature record: CXX_FEATURE:1cxx_thread_local
    Feature record: CXX_FEATURE:1cxx_trailing_return_types
    Feature record: CXX_FEATURE:1cxx_unicode_literals
    Feature record: CXX_FEATURE:1cxx_uniform_initialization
    Feature record: CXX_FEATURE:1cxx_unrestricted_unions
    Feature record: CXX_FEATURE:1cxx_user_literals
    Feature record: CXX_FEATURE:0cxx_variable_templates
    Feature record: CXX_FEATURE:1cxx_variadic_macros
    Feature record: CXX_FEATURE:1cxx_variadic_templates


Detecting CXX [-std=c++98] compiler features compiled with the following output:
Change Dir: /user/hteagle/AnalysisDirectory/Rel21/Base.21.2.20/build/CMakeFiles/CMakeTmp

Run Build Command:"/usr/bin/gmake" "cmTC_77691/fast"
/usr/bin/gmake -f CMakeFiles/cmTC_77691.dir/build.make CMakeFiles/cmTC_77691.dir/build
gmake[1]: Entering directory `/user/hteagle/AnalysisDirectory/Rel21/Base.21.2.20/build/CMakeFiles/CMakeTmp'
Building CXX object CMakeFiles/cmTC_77691.dir/feature_tests.cxx.o
/cvmfs/atlas.cern.ch/repo/sw/software/21.2/sw/lcg/releases/gcc/6.2.0/x86_64-slc6/bin/g++    -std=c++98 -o CMakeFiles/cmTC_77691.dir/feature_tests.cxx.o -c /user/hteagle/AnalysisDirectory/Rel21/Base.21.2.20/build/CMakeFiles/feature_tests.cxx
Linking CXX executable cmTC_77691
/cvmfs/atlas.cern.ch/repo/ATLASLocalRootBase/x86_64/Cmake/3.10.2/Linux-x86_64/bin/cmake -E cmake_link_script CMakeFiles/cmTC_77691.dir/link.txt --verbose=1
/cvmfs/atlas.cern.ch/repo/sw/software/21.2/sw/lcg/releases/gcc/6.2.0/x86_64-slc6/bin/g++       -rdynamic CMakeFiles/cmTC_77691.dir/feature_tests.cxx.o  -o cmTC_77691 
gmake[1]: Leaving directory `/user/hteagle/AnalysisDirectory/Rel21/Base.21.2.20/build/CMakeFiles/CMakeTmp'


    Feature record: CXX_FEATURE:0cxx_aggregate_default_initializers
    Feature record: CXX_FEATURE:0cxx_alias_templates
    Feature record: CXX_FEATURE:0cxx_alignas
    Feature record: CXX_FEATURE:0cxx_alignof
    Feature record: CXX_FEATURE:0cxx_attributes
    Feature record: CXX_FEATURE:0cxx_attribute_deprecated
    Feature record: CXX_FEATURE:0cxx_auto_type
    Feature record: CXX_FEATURE:0cxx_binary_literals
    Feature record: CXX_FEATURE:0cxx_constexpr
    Feature record: CXX_FEATURE:0cxx_contextual_conversions
    Feature record: CXX_FEATURE:0cxx_decltype
    Feature record: CXX_FEATURE:0cxx_decltype_auto
    Feature record: CXX_FEATURE:0cxx_decltype_incomplete_return_types
    Feature record: CXX_FEATURE:0cxx_default_function_template_args
    Feature record: CXX_FEATURE:0cxx_defaulted_functions
    Feature record: CXX_FEATURE:0cxx_defaulted_move_initializers
    Feature record: CXX_FEATURE:0cxx_delegating_constructors
    Feature record: CXX_FEATURE:0cxx_deleted_functions
    Feature record: CXX_FEATURE:0cxx_digit_separators
    Feature record: CXX_FEATURE:0cxx_enum_forward_declarations
    Feature record: CXX_FEATURE:0cxx_explicit_conversions
    Feature record: CXX_FEATURE:0cxx_extended_friend_declarations
    Feature record: CXX_FEATURE:0cxx_extern_templates
    Feature record: CXX_FEATURE:0cxx_final
    Feature record: CXX_FEATURE:0cxx_func_identifier
    Feature record: CXX_FEATURE:0cxx_generalized_initializers
    Feature record: CXX_FEATURE:0cxx_generic_lambdas
    Feature record: CXX_FEATURE:0cxx_inheriting_constructors
    Feature record: CXX_FEATURE:0cxx_inline_namespaces
    Feature record: CXX_FEATURE:0cxx_lambdas
    Feature record: CXX_FEATURE:0cxx_lambda_init_captures
    Feature record: CXX_FEATURE:0cxx_local_type_template_args
    Feature record: CXX_FEATURE:0cxx_long_long_type
    Feature record: CXX_FEATURE:0cxx_noexcept
    Feature record: CXX_FEATURE:0cxx_nonstatic_member_init
    Feature record: CXX_FEATURE:0cxx_nullptr
    Feature record: CXX_FEATURE:0cxx_override
    Feature record: CXX_FEATURE:0cxx_range_for
    Feature record: CXX_FEATURE:0cxx_raw_string_literals
    Feature record: CXX_FEATURE:0cxx_reference_qualified_functions
    Feature record: CXX_FEATURE:0cxx_relaxed_constexpr
    Feature record: CXX_FEATURE:0cxx_return_type_deduction
    Feature record: CXX_FEATURE:0cxx_right_angle_brackets
    Feature record: CXX_FEATURE:0cxx_rvalue_references
    Feature record: CXX_FEATURE:0cxx_sizeof_member
    Feature record: CXX_FEATURE:0cxx_static_assert
    Feature record: CXX_FEATURE:0cxx_strong_enums
    Feature record: CXX_FEATURE:1cxx_template_template_parameters
    Feature record: CXX_FEATURE:0cxx_thread_local
    Feature record: CXX_FEATURE:0cxx_trailing_return_types
    Feature record: CXX_FEATURE:0cxx_unicode_literals
    Feature record: CXX_FEATURE:0cxx_uniform_initialization
    Feature record: CXX_FEATURE:0cxx_unrestricted_unions
    Feature record: CXX_FEATURE:0cxx_user_literals
    Feature record: CXX_FEATURE:0cxx_variable_templates
    Feature record: CXX_FEATURE:0cxx_variadic_macros
    Feature record: CXX_FEATURE:0cxx_variadic_templates
Determining if the include file pthread.h exists passed with the following output:
Change Dir: /user/hteagle/AnalysisDirectory/Rel21/Base.21.2.20/build/CMakeFiles/CMakeTmp

Run Build Command:"/usr/bin/gmake" "cmTC_487d4/fast"
/usr/bin/gmake -f CMakeFiles/cmTC_487d4.dir/build.make CMakeFiles/cmTC_487d4.dir/build
gmake[1]: Entering directory `/user/hteagle/AnalysisDirectory/Rel21/Base.21.2.20/build/CMakeFiles/CMakeTmp'
Building C object CMakeFiles/cmTC_487d4.dir/CheckIncludeFile.c.o
/cvmfs/atlas.cern.ch/repo/sw/software/21.2/sw/lcg/releases/gcc/6.2.0/x86_64-slc6/bin/gcc    -o CMakeFiles/cmTC_487d4.dir/CheckIncludeFile.c.o   -c /user/hteagle/AnalysisDirectory/Rel21/Base.21.2.20/build/CMakeFiles/CMakeTmp/CheckIncludeFile.c
Linking C executable cmTC_487d4
/cvmfs/atlas.cern.ch/repo/ATLASLocalRootBase/x86_64/Cmake/3.10.2/Linux-x86_64/bin/cmake -E cmake_link_script CMakeFiles/cmTC_487d4.dir/link.txt --verbose=1
/cvmfs/atlas.cern.ch/repo/sw/software/21.2/sw/lcg/releases/gcc/6.2.0/x86_64-slc6/bin/gcc     -Wl,--as-needed -Wl,--hash-style=both  CMakeFiles/cmTC_487d4.dir/CheckIncludeFile.c.o  -o cmTC_487d4 
gmake[1]: Leaving directory `/user/hteagle/AnalysisDirectory/Rel21/Base.21.2.20/build/CMakeFiles/CMakeTmp'


